<?xml version="1.0" encoding="UTF-8"?>
<!-- Generated by org.testng.reporters.JUnitXMLReporter -->
<testsuite ignored="0" hostname="COLLABPH1003073" failures="1" tests="1" name="Default test" time="15.715" errors="0" timestamp="2023-10-24T11:43:34 SGT">
  <testcase classname="collabera.SwipeGestureClass" name="swipe" time="5.155">
    <failure type="org.openqa.selenium.UnsupportedCommandException" message="{&amp;quot;value&amp;quot;:{&amp;quot;error&amp;quot;:&amp;quot;unknown method&amp;quot;,&amp;quot;message&amp;quot;:&amp;quot;Method is not implemented&amp;quot;,&amp;quot;stacktrace&amp;quot;:&amp;quot;NotImplementedError: Method is not implemented\n    at AndroidUiautomator2Driver.execute (C:\\Users\\COLLABERA.DIGITAL\\.appium\\node_modules\\appium-uiautomator2-driver\\lib\\commands\\general.js:136:13)\n    at commandExecutor (C:\\Users\\COLLABERA.DIGITAL\\AppData\\Roaming\\npm\\node_modules\\appium\\node_modules\\@appium\\base-driver\\lib\\basedriver\\driver.ts:107:18)\n    at C:\\Users\\COLLABERA.DIGITAL\\AppData\\Roaming\\npm\\node_modules\\appium\\node_modules\\async-lock\\lib\\index.js:171:12\n    at AsyncLock._promiseTry (C:\\Users\\COLLABERA.DIGITAL\\AppData\\Roaming\\npm\\node_modules\\appium\\node_modules\\async-lock\\lib\\index.js:304:31)\n    at exec (C:\\Users\\COLLABERA.DIGITAL\\AppData\\Roaming\\npm\\node_modules\\appium\\node_modules\\async-lock\\lib\\index.js:170:9)\n    at AsyncLock.acquire (C:\\Users\\COLLABERA.DIGITAL\\AppData\\Roaming\\npm\\node_modules\\appium\\node_modules\\async-lock\\lib\\index.js:187:3)\n    at AndroidUiautomator2Driver.executeCommand (C:\\Users\\COLLABERA.DIGITAL\\AppData\\Roaming\\npm\\node_modules\\appium\\node_modules\\@appium\\base-driver\\lib\\basedriver\\driver.ts:123:39)\n    at processTicksAndRejections (node:internal/process/task_queues:95:5)\n    at defaultBehavior (C:\\Users\\COLLABERA.DIGITAL\\AppData\\Roaming\\npm\\node_modules\\appium\\lib\\appium.js:722:14)\n    at AppiumDriver.executeWrappedCommand (C:\\Users\\COLLABERA.DIGITAL\\AppData\\Roaming\\npm\\node_modules\\appium\\lib\\appium.js:828:16)\n    at AppiumDriver.executeCommand (C:\\Users\\COLLABERA.DIGITAL\\AppData\\Roaming\\npm\\node_modules\\appium\\lib\\appium.js:734:17)\n    at asyncHandler (C:\\Users\\COLLABERA.DIGITAL\\AppData\\Roaming\\npm\\node_modules\\appium\\node_modules\\@appium\\base-driver\\lib\\protocol\\protocol.js:393:19)&amp;quot;}}
Command duration or timeout: 35 milliseconds
Build info: version: &amp;apos;4.13.0&amp;apos;, revision: &amp;apos;ba948ece5b*&amp;apos;
System info: os.name: &amp;apos;Windows 10&amp;apos;, os.arch: &amp;apos;amd64&amp;apos;, os.version: &amp;apos;10.0&amp;apos;, java.version: &amp;apos;21&amp;apos;
Driver info: io.appium.java_client.android.AndroidDriver
Command: [9a96a6e8-0a1b-459d-9936-f781a8e24867, executeScript {script=mobile:swipeGesture, args=[{elementId=00000000-0000-0046-ffff-ffff00000044, percent=0.75, direction=left}]}]
Capabilities {appium:app: C:\Users\COLLABERA.DIGITAL\..., appium:appPackage: io.appium.android.apis, appium:automationName: UIAutomator2, appium:databaseEnabled: false, appium:desired: {app: C:\Users\COLLABERA.DIGITAL\..., automationName: UIAutomator2, deviceName: &amp;quot;H-Pixel XL-Tiramusu&amp;quot;, platformName: ANDROID}, appium:deviceApiLevel: 33, appium:deviceManufacturer: Google, appium:deviceModel: sdk_gphone_x86_64, appium:deviceName: emulator-5554, appium:deviceScreenDensity: 560, appium:deviceScreenSize: 1440x2560, appium:deviceUDID: emulator-5554, appium:javascriptEnabled: true, appium:locationContextEnabled: false, appium:networkConnectionEnabled: true, appium:pixelRatio: 3.5, appium:platformVersion: 13, appium:statBarHeight: 84, appium:takesScreenshot: true, appium:viewportRect: {height: 2392, left: 0, top: 84, width: 1440}, appium:warnings: {}, appium:webStorageEnabled: false, platformName: ANDROID}
Session ID: 9a96a6e8-0a1b-459d-9936-f781a8e24867">
      <![CDATA[org.openqa.selenium.UnsupportedCommandException: {"value":{"error":"unknown method","message":"Method is not implemented","stacktrace":"NotImplementedError: Method is not implemented\n    at AndroidUiautomator2Driver.execute (C:\\Users\\COLLABERA.DIGITAL\\.appium\\node_modules\\appium-uiautomator2-driver\\lib\\commands\\general.js:136:13)\n    at commandExecutor (C:\\Users\\COLLABERA.DIGITAL\\AppData\\Roaming\\npm\\node_modules\\appium\\node_modules\\@appium\\base-driver\\lib\\basedriver\\driver.ts:107:18)\n    at C:\\Users\\COLLABERA.DIGITAL\\AppData\\Roaming\\npm\\node_modules\\appium\\node_modules\\async-lock\\lib\\index.js:171:12\n    at AsyncLock._promiseTry (C:\\Users\\COLLABERA.DIGITAL\\AppData\\Roaming\\npm\\node_modules\\appium\\node_modules\\async-lock\\lib\\index.js:304:31)\n    at exec (C:\\Users\\COLLABERA.DIGITAL\\AppData\\Roaming\\npm\\node_modules\\appium\\node_modules\\async-lock\\lib\\index.js:170:9)\n    at AsyncLock.acquire (C:\\Users\\COLLABERA.DIGITAL\\AppData\\Roaming\\npm\\node_modules\\appium\\node_modules\\async-lock\\lib\\index.js:187:3)\n    at AndroidUiautomator2Driver.executeCommand (C:\\Users\\COLLABERA.DIGITAL\\AppData\\Roaming\\npm\\node_modules\\appium\\node_modules\\@appium\\base-driver\\lib\\basedriver\\driver.ts:123:39)\n    at processTicksAndRejections (node:internal/process/task_queues:95:5)\n    at defaultBehavior (C:\\Users\\COLLABERA.DIGITAL\\AppData\\Roaming\\npm\\node_modules\\appium\\lib\\appium.js:722:14)\n    at AppiumDriver.executeWrappedCommand (C:\\Users\\COLLABERA.DIGITAL\\AppData\\Roaming\\npm\\node_modules\\appium\\lib\\appium.js:828:16)\n    at AppiumDriver.executeCommand (C:\\Users\\COLLABERA.DIGITAL\\AppData\\Roaming\\npm\\node_modules\\appium\\lib\\appium.js:734:17)\n    at asyncHandler (C:\\Users\\COLLABERA.DIGITAL\\AppData\\Roaming\\npm\\node_modules\\appium\\node_modules\\@appium\\base-driver\\lib\\protocol\\protocol.js:393:19)"}}
Command duration or timeout: 35 milliseconds
Build info: version: '4.13.0', revision: 'ba948ece5b*'
System info: os.name: 'Windows 10', os.arch: 'amd64', os.version: '10.0', java.version: '21'
Driver info: io.appium.java_client.android.AndroidDriver
Command: [9a96a6e8-0a1b-459d-9936-f781a8e24867, executeScript {script=mobile:swipeGesture, args=[{elementId=00000000-0000-0046-ffff-ffff00000044, percent=0.75, direction=left}]}]
Capabilities {appium:app: C:\Users\COLLABERA.DIGITAL\..., appium:appPackage: io.appium.android.apis, appium:automationName: UIAutomator2, appium:databaseEnabled: false, appium:desired: {app: C:\Users\COLLABERA.DIGITAL\..., automationName: UIAutomator2, deviceName: "H-Pixel XL-Tiramusu", platformName: ANDROID}, appium:deviceApiLevel: 33, appium:deviceManufacturer: Google, appium:deviceModel: sdk_gphone_x86_64, appium:deviceName: emulator-5554, appium:deviceScreenDensity: 560, appium:deviceScreenSize: 1440x2560, appium:deviceUDID: emulator-5554, appium:javascriptEnabled: true, appium:locationContextEnabled: false, appium:networkConnectionEnabled: true, appium:pixelRatio: 3.5, appium:platformVersion: 13, appium:statBarHeight: 84, appium:takesScreenshot: true, appium:viewportRect: {height: 2392, left: 0, top: 84, width: 1440}, appium:warnings: {}, appium:webStorageEnabled: false, platformName: ANDROID}
Session ID: 9a96a6e8-0a1b-459d-9936-f781a8e24867
at java.base/jdk.internal.reflect.DirectConstructorHandleAccessor.newInstance(DirectConstructorHandleAccessor.java:62)
at java.base/java.lang.reflect.Constructor.newInstanceWithCaller(Constructor.java:502)
at java.base/java.lang.reflect.Constructor.newInstance(Constructor.java:486)
at org.openqa.selenium.remote.ErrorHandler.createThrowable(ErrorHandler.java:220)
at org.openqa.selenium.remote.ErrorHandler.throwIfResponseFailed(ErrorHandler.java:169)
at org.openqa.selenium.remote.RemoteWebDriver.execute(RemoteWebDriver.java:655)
at org.openqa.selenium.remote.RemoteWebDriver.executeScript(RemoteWebDriver.java:467)
at utils.AndroidActions.swipeGesture(AndroidActions.java:41)
at collabera.SwipeGestureClass.swipe(SwipeGestureClass.java:17)
at java.base/jdk.internal.reflect.DirectMethodHandleAccessor.invoke(DirectMethodHandleAccessor.java:103)
at java.base/java.lang.reflect.Method.invoke(Method.java:580)
at org.testng.internal.invokers.MethodInvocationHelper.invokeMethod(MethodInvocationHelper.java:139)
at org.testng.internal.invokers.TestInvoker.invokeMethod(TestInvoker.java:677)
at org.testng.internal.invokers.TestInvoker.invokeTestMethod(TestInvoker.java:221)
at org.testng.internal.invokers.MethodRunner.runInSequence(MethodRunner.java:50)
at org.testng.internal.invokers.TestInvoker$MethodInvocationAgent.invoke(TestInvoker.java:962)
at org.testng.internal.invokers.TestInvoker.invokeTestMethods(TestInvoker.java:194)
at org.testng.internal.invokers.TestMethodWorker.invokeTestMethods(TestMethodWorker.java:148)
at org.testng.internal.invokers.TestMethodWorker.run(TestMethodWorker.java:128)
at java.base/java.util.ArrayList.forEach(ArrayList.java:1596)
at org.testng.TestRunner.privateRun(TestRunner.java:806)
at org.testng.TestRunner.run(TestRunner.java:601)
at org.testng.SuiteRunner.runTest(SuiteRunner.java:433)
at org.testng.SuiteRunner.runSequentially(SuiteRunner.java:427)
at org.testng.SuiteRunner.privateRun(SuiteRunner.java:387)
at org.testng.SuiteRunner.run(SuiteRunner.java:330)
at org.testng.SuiteRunnerWorker.runSuite(SuiteRunnerWorker.java:52)
at org.testng.SuiteRunnerWorker.run(SuiteRunnerWorker.java:95)
at org.testng.TestNG.runSuitesSequentially(TestNG.java:1256)
at org.testng.TestNG.runSuitesLocally(TestNG.java:1176)
at org.testng.TestNG.runSuites(TestNG.java:1099)
at org.testng.TestNG.run(TestNG.java:1067)
at org.testng.remote.AbstractRemoteTestNG.run(AbstractRemoteTestNG.java:115)
at org.testng.remote.RemoteTestNG.initAndRun(RemoteTestNG.java:251)
at org.testng.remote.RemoteTestNG.main(RemoteTestNG.java:77)
]]>
    </failure>
  </testcase> <!-- swipe -->
</testsuite> <!-- Default test -->
